<?xml version="1.0" encoding="UTF-8"?>
<!-- Generated by org.testng.reporters.JUnitXMLReporter -->
<testsuite ignored="0" hostname="Serendipity" failures="0" tests="4" name="Default test" time="0.167" errors="0" timestamp="2024-02-27T10:54:41 IST">
  <testcase classname="TestNG.AnnotationsEG" name="testCase1" time="0.008"/>
  <testcase classname="TestNG.AnnotationsEG" name="testCase2" time="0.002"/>
  <testcase classname="TestNG.AnnotationsEG" name="testCase3" time="0.001"/>
  <testcase classname="TestNG.AnnotationsEG" name="testCase4" time="0.002"/>
</testsuite> <!-- Default test -->
