<?xml version="1.0" encoding="UTF-8"?>
<testng-results ignored="0" total="4" passed="4" failed="0" skipped="0">
  <reporter-output>
  </reporter-output>
  <suite started-at="2024-02-27T10:54:41 IST" name="Default suite" finished-at="2024-02-27T10:54:41 IST" duration-ms="167">
    <groups>
    </groups>
    <test started-at="2024-02-27T10:54:41 IST" name="Default test" finished-at="2024-02-27T10:54:41 IST" duration-ms="167">
      <class name="TestNG.AnnotationsEG">
        <test-method is-config="true" signature="beforeClass()[pri:0, instance:TestNG.AnnotationsEG@2e3967ea]" started-at="2024-02-27T10:54:41 IST" name="beforeClass" finished-at="2024-02-27T10:54:41 IST" duration-ms="23" status="PASS">
          <reporter-output>
          </reporter-output>
        </test-method> <!-- beforeClass -->
        <test-method is-config="true" signature="beforeMethod()[pri:0, instance:TestNG.AnnotationsEG@2e3967ea]" started-at="2024-02-27T10:54:41 IST" name="beforeMethod" finished-at="2024-02-27T10:54:41 IST" duration-ms="0" status="PASS">
          <reporter-output>
          </reporter-output>
        </test-method> <!-- beforeMethod -->
        <test-method signature="testCase1()[pri:0, instance:TestNG.AnnotationsEG@2e3967ea]" started-at="2024-02-27T10:54:41 IST" name="testCase1" finished-at="2024-02-27T10:54:41 IST" duration-ms="8" status="PASS">
          <reporter-output>
          </reporter-output>
        </test-method> <!-- testCase1 -->
        <test-method is-config="true" signature="afterMethod()[pri:0, instance:TestNG.AnnotationsEG@2e3967ea]" started-at="2024-02-27T10:54:41 IST" name="afterMethod" finished-at="2024-02-27T10:54:41 IST" duration-ms="1" status="PASS">
          <reporter-output>
          </reporter-output>
        </test-method> <!-- afterMethod -->
        <test-method is-config="true" signature="beforeMethod()[pri:0, instance:TestNG.AnnotationsEG@2e3967ea]" started-at="2024-02-27T10:54:41 IST" name="beforeMethod" finished-at="2024-02-27T10:54:41 IST" duration-ms="1" status="PASS">
          <reporter-output>
          </reporter-output>
        </test-method> <!-- beforeMethod -->
        <test-method signature="testCase2()[pri:0, instance:TestNG.AnnotationsEG@2e3967ea]" started-at="2024-02-27T10:54:41 IST" name="testCase2" finished-at="2024-02-27T10:54:41 IST" duration-ms="2" status="PASS">
          <reporter-output>
          </reporter-output>
        </test-method> <!-- testCase2 -->
        <test-method is-config="true" signature="afterMethod()[pri:0, instance:TestNG.AnnotationsEG@2e3967ea]" started-at="2024-02-27T10:54:41 IST" name="afterMethod" finished-at="2024-02-27T10:54:41 IST" duration-ms="1" status="PASS">
          <reporter-output>
          </reporter-output>
        </test-method> <!-- afterMethod -->
        <test-method is-config="true" signature="beforeMethod()[pri:0, instance:TestNG.AnnotationsEG@2e3967ea]" started-at="2024-02-27T10:54:41 IST" name="beforeMethod" finished-at="2024-02-27T10:54:41 IST" duration-ms="2" status="PASS">
          <reporter-output>
          </reporter-output>
        </test-method> <!-- beforeMethod -->
        <test-method signature="testCase3()[pri:0, instance:TestNG.AnnotationsEG@2e3967ea]" started-at="2024-02-27T10:54:41 IST" name="testCase3" finished-at="2024-02-27T10:54:41 IST" duration-ms="1" status="PASS">
          <reporter-output>
          </reporter-output>
        </test-method> <!-- testCase3 -->
        <test-method is-config="true" signature="afterMethod()[pri:0, instance:TestNG.AnnotationsEG@2e3967ea]" started-at="2024-02-27T10:54:41 IST" name="afterMethod" finished-at="2024-02-27T10:54:41 IST" duration-ms="1" status="PASS">
          <reporter-output>
          </reporter-output>
        </test-method> <!-- afterMethod -->
        <test-method is-config="true" signature="beforeMethod()[pri:0, instance:TestNG.AnnotationsEG@2e3967ea]" started-at="2024-02-27T10:54:41 IST" name="beforeMethod" finished-at="2024-02-27T10:54:41 IST" duration-ms="1" status="PASS">
          <reporter-output>
          </reporter-output>
        </test-method> <!-- beforeMethod -->
        <test-method signature="testCase4()[pri:0, instance:TestNG.AnnotationsEG@2e3967ea]" started-at="2024-02-27T10:54:41 IST" name="testCase4" finished-at="2024-02-27T10:54:41 IST" duration-ms="2" status="PASS">
          <reporter-output>
          </reporter-output>
        </test-method> <!-- testCase4 -->
        <test-method is-config="true" signature="afterMethod()[pri:0, instance:TestNG.AnnotationsEG@2e3967ea]" started-at="2024-02-27T10:54:41 IST" name="afterMethod" finished-at="2024-02-27T10:54:41 IST" duration-ms="1" status="PASS">
          <reporter-output>
          </reporter-output>
        </test-method> <!-- afterMethod -->
        <test-method is-config="true" signature="afterClass()[pri:0, instance:TestNG.AnnotationsEG@2e3967ea]" started-at="2024-02-27T10:54:41 IST" name="afterClass" finished-at="2024-02-27T10:54:41 IST" duration-ms="1" status="PASS">
          <reporter-output>
          </reporter-output>
        </test-method> <!-- afterClass -->
      </class> <!-- TestNG.AnnotationsEG -->
    </test> <!-- Default test -->
  </suite> <!-- Default suite -->
</testng-results>
